S1:
    {(AATCACATTGTAATA,85)}
    {(CATTGTAATAGACAG,90)}
    {(GACTATATTGCATGA,135)}
    {(TATTGCATGATAGGT,140)}
    {(ACTTGCGATATTTAA,179)}
    {(ATATTTAATACTTGG,186)}
    {(AAAGACCTTAGTTTG,258)}
    {(AATTAACTCAGTGGC,291)}
    {(AGTTAAAATGTGCGT,315)}
    {(CGTGGTATAATTCAA,327)}
    {(ATGGATGAAATTTCT,343)}
    {(GATGAAATTTCTTGG,346)}
    {(AATAATCTCGATGCT,364)}
    {(AATTAGTCTCTCTGT,431)}
    {(CCCTATAATCATTAC,460)}
    {(ACGTCTTTTAATAAA,562)}
    {(TATAAAAGAATCTAA,623)}
    {(AATCTAAGACTGTAT,631)}
    {(AAATGAATTGCATAG,654)}
    {(AATTGCATAGCTCCT,659)}
    {(CCTTCTATGAATAAG,671)}
   *{(AATTCTCTTACATAC,770)}
    {(AATTGTCGATGTTTT,807)}
    {(TGTTTTCTCCGTTAT,816)}
    {(ATGTACATTGCTTTG,928)}
S2:
    {(AACTAGTTTACTTCC,9)}
    {(TAGTTTACTTCCTAT,12)}
    {(ACTTCCTATAGTCAT,18)}
    {(CAGTACGTTGTTAAG,116)}
   *{(TATTAGACCATTTAT,214)}
    {(AGTTGCTTTACTTAT,269)}
    {(ACTTATCTGCCCTAA,278)}
    {(AACTTTATATTGGAC,291)}
    {(CTTTATATTGGACAG,293)}
    {(AAGTAGTTTATCCCG,316)}
    {(GTTTATCCCGTTCAT,321)}
    {(AAGCTCATTCTACAT,405)}
    {(AATCGTTTTAGTTGT,601)}
    {(AGGTGAGTTATACAT,624)}
    {(AGTTATACATCAGAT,629)}
    {(CATCAGATCATGTTA,636)}
    {(GATCATGTTAATCGG,641)}
    {(CACAAGATTAGAGAT,671)}
    {(CAAGATCTGATTTAG,701)}
    {(ATTTAGTAGAAGTAT,710)}
    {(AAGTATAATAACTAC,719)}
    {(TCTGATGGTACTTAC,835)}
    {(ACTTACCAACTGTAT,844)}
    {(AACTGTATAGGGTGT,851)}
    {(ACATAGATTTTCGCT,969)}
    {(GATTTTCGCTTATAT,974)}
S3:
    {(ATTCATGTGTTGTTT,33)}
    {(TTTTACGGCATTTTT,45)}
    {(TTTTTCAGCATGTAT,55)}
    {(CATTTTGACTTTAAT,161)}
    {(GACTTTAATATCTTT,167)}
    {(AGTGTTCTTTTTCAA,220)}
    {(TCTTTTTCAATTTGT,225)}
    {(ACACCGATTTGTTAT,251)}
    {(ATTTGTTATAGTACT,257)}
    {(TGTTATAGTACTCGT,260)}
    {(TATAGTACTCGTCAT,263)}
    {(CGTTTAAGTAAATAT,340)}
    {(AAGTAAATATAGTAT,345)}
    {(AAATATAGTATTGGT,349)}
    {(TATAGTATTGGTTTA,352)}
    {(AATTAGATTCTATTA,401)}
   *{(GATTCTATTATTTAA,406)}
    {(TATTATTTAAGACAT,411)}
    {(ACCCAGATACTCTAT,427)}
    {(AAGAACATAAATTTT,456)}
    {(GAACATAAATTTTTT,458)}
    {(ACATAAATTTTTTGG,460)}
    {(CATAAATTTTTTGGT,461)}
    {(AATTTTTTGGTCTGG,465)}
    {(CATGGCATTATAAAC,623)}
    {(CATTATAAACGGGAT,628)}
    {(AATTCACATTTTTAA,673)}
    {(ATTCACATTTTTAAT,674)}
    {(TAAGAGGTCCTTTAT,804)}
    {(TATTCGCCTATTTAA,816)}
    {(ATTTAAAACATGGAA,825)}
    {(AAAAATATCACTCGC,954)}
S4:
    {(AAGGTTGGTACTTGT,53)}
    {(GTGTATTTAAATTAT,104)}
    {(ATTTAAATTATCCTG,108)}
   *{(AATTATCCTGTCTGT,113)}
    {(ACAGATATTAGGGGT,146)}
    {(GGTTAGGTCTTTTAG,162)}
    {(AGGTCTTTTAGAGAT,166)}
    {(TTTTAGAGATTTTAG,171)}
    {(AATGACAGAGCTTAA,186)}
    {(AATCCCGTTATTGAA,256)}
    {(TATTGAACTATAAAC,264)}
    {(AACTATAAACGGTCT,269)}
    {(ACCTATATGAATCGG,298)}
    {(TATTTGATCCTTAAG,318)}
    {(AATCCTGATATATCG,335)}
    {(AATCTAATTACTAGC,355)}
    {(AATTAGATGAAATTC,483)}
    {(AATCCTATGCGCGAT,538)}
    {(TATTTTGAGTTTTAC,560)}
    {(ATTTTGAGTTTTACT,561)}
    {(AGTTTTACTTTCAAG,567)}
    {(AAGTAACCTACTTAC,579)}
    {(ACTTACTTTCCTACT,588)}
    {(TACTTTCCTACTAAT,591)}
    {(AAATAAGCGGCTTAT,624)}
    {(CGGCTTATTATGTAA,631)}
    {(GCTTATTATGTAAAT,633)}
    {(TATTATGTAAATTAA,636)}
    {(ATGTAAATTAATTGA,640)}
    {(AATTAATTGAAAGAA,645)}
    {(ATTGAAAGAAATTAC,650)}
    {(AAAGAAATTACGAAG,654)}
S5:
    {(AGCGTCGTTATTAAT,25)}
    {(AAGGATGGCCTTTAT,43)}
    {(AATAGTTTGATAGCT,136)}
    {(AGTTTGATAGCTTAT,139)}
    {(TCTTATCAAAGCTAT,183)}
    {(AATAATGTGGCTTAT,214)}
    {(ATGTGGCTTATGTAG,218)}
    {(TAAAACACTATCTAG,295)}
    {(CGAGACTCTATTTAT,311)}
    {(GACTCTATTTATACT,314)}
    {(ATTTATACTCTGAGG,320)}
    {(AGACACATTGTTTTC,341)}
    {(CACTAAATCAGTGAT,362)}
    {(AGTGATCTTCGATGT,371)}
    {(TTTTCAATTTTCCAT,435)}
    {(CATTAAGAGGTTCAT,504)}
    {(AAGAGGTTCATTAAT,508)}
    {(ACACGTATTTTTATT,624)}
    {(ACGTATTTTTATTGT,626)}
    {(CGTATTTTTATTGTT,627)}
   *{(ATTTTTATTGTTTAG,630)}
    {(TGTTTAGCTATGTAT,638)}
    {(GCTGACATGATTTCA,653)}
    {(AAATGAAGCATTCAT,675)}
    {(ACTTGGATGATCCGT,717)}
    {(AAGGAATTTTATTAG,751)}
    {(AGGAATTTTATTAGT,752)}
    {(AATTTTATTAGTATT,755)}
    {(TTTATTAGTATTTGA,758)}
    {(TATTAGTATTTGAAT,760)}
    {(GAATAGGTGAATTTT,771)}
    {(GGGCATACTATTTAA,813)}
    {(TACTATTTAAATTCG,818)}
    {(ATTTAAATTCGTACC,822)}
    {(ACCGACGTCATTTAA,834)}
    {(AAGAGCAATGTTTAT,871)}
    {(AGCAATGTTTATTAG,874)}
    {(GGTTAAGTGGTTTAG,891)}
    {(AAGTGGTTTAGCTAT,895)}
    {(CATTAGATCAAGAAA,948)}
    {(AGTAATAACCTTTAA,968)}
    {(AATAACCTTTAATAT,971)}
    {(ACCTTTAATATGGAA,975)}
S6:
    {(CAACGGATTAGTTAT,10)}
    {(AATCATCCGATCTTG,68)}
    {(GTCTACATTATTCAG,90)}
    {(CATTATTCAGTTTCT,95)}
    {(CAGTTTCTAGTTTAC,102)}
    {(TTCTAGTTTACTTGT,106)}
    {(GTTTAGATGAATCAA,139)}
    {(CATTGACTTATAGAC,191)}
    {(ACTTATAGACGGTAG,196)}
    {(AACCTTATTAGATCG,213)}
    {(TATTAGATCGTTACC,218)}
    {(AACTCTTTTTGTCTT,378)}
    {(CAGGATAGGACATAT,408)}
    {(AAATATACTGGTGAA,447)}
    {(ATTAGTAAAATATTT,523)}
    {(TAGTAAAATATTTCA,525)}
    {(AGTAAAATATTTCAG,526)}
    {(AAATATTTCAGGCAT,530)}
    {(GAGTATAACATTTTA,583)}
    {(TAACATTTTAGTATT,588)}
   *{(CATTTTAGTATTTAC,591)}
    {(ATTTACCTTTGTAAA,600)}
    {(GATGAGTTTCATTAA,625)}
    {(ATGAGTTTCATTAAT,626)}
    {(AGTTTCATTAATATA,629)}
    {(CATTAATATAGTGAA,634)}
    {(ATTAATATAGTGAAT,635)}
    {(TAATATAGTGAATTT,637)}
    {(GATTAGATCACGTGT,686)}
    {(AGTTAAATAATATAT,757)}
    {(TTAAATAATATATAA,759)}
    {(AATAATATATAATAA,762)}
    {(TAATATATAATAACG,764)}
    {(CAGTGTAATTTTAAC,918)}
S7:
    {(AACCAGCATACTCAT,17)}
    {(ATTGCCAGCATTAAT,30)}
    {(AAGTCGCTGATTCAC,70)}
    {(AATGTCATTCTTACG,88)}
    {(GCTAATATGAGTTTA,151)}
    {(TACTAAATTTTCTTC,229)}
    {(GTTTAACTTAGGTAT,267)}
    {(AACTTAGGTATCTAA,271)}
    {(GAGGGTAGTACTTGT,362)}
    {(CAGTCTACTATCCCT,384)}
    {(CAGTTAATTCGATAT,400)}
    {(GGATCTATGAATTTT,415)}
    {(CGCTTCATGAATTAT,500)}
    {(ACGAATACTGTTAAG,600)}
    {(AATACTGTTAAGGAG,603)}
    {(AATCAAATCCTTTTA,670)}
    {(AAATCCTTTTATTAT,674)}
   *{(AATCCTTTTATTATT,675)}
    {(CCTTTTATTATTAGA,678)}
    {(TATTAGACTGGAAAT,686)}
    {(AATGATTGTAATGAT,698)}
    {(GATTGTAATGATTAG,701)}
    {(AATGATTAGAGTTCA,707)}
    {(AGTCAACGTAATTAC,777)}
    {(CGTGATGATACTTAG,811)}
    {(ACTTAGATGCTGTAT,820)}
    {(CTGTATCTTCTGTTT,829)}
    {(ACTAAGATCAATTTA,917)}
    {(GATCAATTTAGTGAA,922)}
    {(AATTTAGTGAAATTT,926)}
    {(ACATATAGTATGTGA,965)}
S8:
    {(ACAAATACCCTTTTT,41)}
    {(AAATACCCTTTTTGT,43)}
    {(AATTAGGAAATCTTC,68)}
    {(AAACGTTTCTGTTAT,96)}
    {(GTTTCTGTTATTATG,100)}
    {(TATGTGGTTATGCAT,221)}
    {(GAATCACTATTTTAT,263)}
    {(ATCACTATTTTATAT,265)}
    {(CACTATTTTATATCA,267)}
    {(TTTTATATCAGTGAA,272)}
    {(GATTTCCTTTCTTAA,325)}
    {(ATTTCCTTTCTTAAG,326)}
    {(GCTCACGATATTTAG,373)}
    {(TACAATGTCATTTTC,400)}
    {(GATGTAATTAGTTAC,422)}
    {(AATTAGTTACATAAA,427)}
    {(AGTTACATAAACTCT,431)}
    {(ACATAAACTCTATAC,435)}
    {(GAATACATTAGTTTA,455)}
    {(AATACATTAGTTTAG,456)}
    {(TCTGATACTATTATC,483)}
    {(GATACTATTATCGCA,486)}
    {(AATTCTGAGAAATAA,502)}
    {(AATAACACTACTTCG,512)}
    {(TCTAAAGTTAAATAT,561)}
    {(AAGTTAAATATCAGT,565)}
    {(AAGTATACCTGCTTT,582)}
    {(GCTTTTGCTATTAAG,592)}
    {(ACTGTCGTGATTCAT,610)}
    {(ATTCATCCGAATTAC,619)}
    {(ATCCGAATTACTGAT,623)}
    {(AATTACTGATTTCGT,628)}
    {(GATTTCGTAATACAT,635)}
    {(TAATACATCAAGTAG,642)}
    {(AATTACTGAGTGCAT,724)}
    {(AAACTTAATCTCAAT,764)}
    {(AATGAAAGGTTATAT,776)}
    {(AATCAGGGTCCTAAT,812)}
   *{(CATGTCATTCTTTAT,858)}
    {(GACTTTTCTATTTTG,891)}
    {(ACTTTTCTATTTTGT,892)}
    {(TTTTCTATTTTGTGT,894)}
    {(TTCTATTTTGTGTAG,896)}
    {(AATTATCACATAAAA,979)}
S9:
    {(AATTCTTACATTCGT,19)}
    {(TCTTACATTCGTGAT,22)}
    {(AACCTTAAAAACTAT,101)}
    {(AACGATATTACTGTT,130)}
    {(AAAGTGACTTTTTAC,149)}
    {(CTTTAGACTAAGTAA,200)}
    {(AAGTAAATTCACTAA,209)}
    {(AGTAAATTCACTAAT,210)}
    {(AATTCACTAATGTAC,214)}
    {(TACAAGACTATATAT,226)}
    {(AGGTCGATAAATAAT,241)}
    {(ATAAATAATAAGTTT,247)}
    {(AATAATAAGTTTTGG,250)}
    {(ACCGATGTTATGTTG,269)}
    {(GGTCATATGAATTGA,350)}
    {(ACTTATCTTGAATAA,422)}
    {(AATAATACTGTGGAA,432)}
    {(AAATATCTTATGACC,445)}
   *{(AAAGAGATTATATAT,519)}
    {(AGAGATTATATATAT,521)}
    {(GATTATATATATCGC,524)}
    {(AATGAACCCGATTAT,562)}
    {(GATTATACGGTGTTA,571)}
    {(AAGCAAATGATGTAG,612)}
    {(CTTTTCAATATTAAT,636)}
    {(TTCAATATTAATTGT,639)}
    {(AATATTAATTGTCTT,642)}
    {(TATTAATTGTCTTGT,644)}
    {(ATTAATTGTCTTGTT,645)}
    {(AATTGTCTTGTTCGA,648)}
    {(TAGTAAGTTACCTCT,666)}
    {(CTTCGAATGATTCAT,704)}
    {(GACTATCTTGGTCCT,787)}
    {(AGCTAAATGTTTAAA,804)}
    {(CCTGCTATGTGTTAT,822)}
    {(CTATGTGTTATTCAA,826)}
    {(AAGTTGATAAGTTGT,840)}
    {(AACTCTCGGGTTTAA,871)}
    {(AATTAAAATCTTTTC,944)}
    {(ATTAAAATCTTTTCA,945)}
    {(AATCTTTTCATGTCG,950)}
    {(ATTGATCTAAGGCAT,966)}
S10:
    {(CGCCGCATTTTTTAT,40)}
    {(TTTTATAGTCGCAAT,49)}
    {(AATTAAAAAGATTCT,115)}
    {(AAAAATGCGATTTTC,155)}
    {(AAATGCGATTTTCAT,157)}
    {(ATTTTCATCAGTTCC,164)}
   *{(AAGTAGGACATTTAT,259)}
    {(ATTTATCTTTCCAAG,268)}
    {(ACCTAGCCTATTTTT,319)}
    {(TAGCCTATTTTTCAA,322)}
    {(ACGTATAAATTTACT,366)}
    {(TATAAATTTACTTCA,369)}
    {(ATAAATTTACTTCAT,370)}
    {(AATTTACTTCATCAG,373)}
    {(AATGCGAAAATGTAG,399)}
    {(GATCGCCTAATTTCT,451)}
    {(ATTTCTCTCATCTCA,460)}
    {(TTCGAGAGTATGTAT,476)}
    {(AAGGATTCTATTTTG,500)}
    {(GATTCTATTTTGTGG,503)}
    {(ACAGGTATCATTTCG,535)}
    {(AGTGATAGGATCATT,620)}
    {(AACGAGATAATATCG,674)}
    {(GATAATATCGGTAAG,679)}
    {(AAGGAGATCAGTCAC,708)}
    {(GGTTCCTTTAATTAG,743)}
    {(CCTTTAATTAGGTCT,747)}
    {(AAAAATCTTACTATA,800)}
    {(AATCTTACTATAGCG,803)}
    {(ACCTACATAGGTTAC,842)}
    {(ACCTTGCTTGTTTAA,858)}
    {(AGAGCTATTATCTAG,923)}
    {(AACTCTTTAAATTAC,975)}
    {(CTTTAAATTACTGGC,979)}
    {(AATTACTGGCTTTTT,984)}
S11:
    {(CATTGTATTACACAA,12)}
    {(TATTACACAACGTAA,17)}
    {(AAAGGTATTAAATCG,55)}
    {(AAATCGACAAAATAT,64)}
    {(CAAAATATCACCTAC,71)}
    {(AGTAATGCTTTTGTT,104)}
   *{(AATGCTTTTGTTTAT,107)}
    {(GCTTTTGTTTATTAT,110)}
    {(CTTTTGTTTATTATT,111)}
    {(TTGTTTATTATTGCC,114)}
    {(AAGTGTAACAATCAT,145)}
    {(AACAATCATGTTTTG,151)}
    {(AATCATGTTTTGACC,154)}
    {(AATATAACCATCTAT,175)}
    {(ATCTATCTTCATTTC,184)}
    {(AATTTGCCGATTGTT,349)}
    {(GATAACAGAATTTCA,367)}
    {(CAGAATTTCACTTGT,372)}
    {(AATTTCACTTGTAAG,375)}
    {(ACTTGTAAGCTTTTG,381)}
    {(TTTGAAATTCTTAAG,392)}
    {(ACAGATATTGCGTAC,418)}
    {(AAGGCTACAAATTGT,489)}
    {(ATTTATGTGAATCTT,545)}
    {(CTTCCTATCCTTTAA,569)}
    {(AAGCAAATAGCTTAT,582)}
    {(AAATAGCTTATTTAA,586)}
    {(ACTTATACCATAATC,681)}
    {(AGTTCTACAAAGCAT,769)}
    {(CACAAAATGCTATAT,809)}
    {(AAGAAAATTGTGTCG,859)}
    {(TACTATAGCAACCAT,909)}
S12:
    {(GCTTACATTATAGAC,21)}
    {(CATTATAGACATACT,26)}
    {(AGACATACTGATTTT,32)}
    {(AAATATGCCATGTTT,66)}
    {(ATATGCCATGTTTAT,68)}
    {(ATGTTTATTTTCCCT,75)}
    {(GTTTATTTTCCCTCT,77)}
    {(AACAATAATTGTCAA,108)}
    {(AACCATGCAATCTAC,121)}
    {(GATGTGCTTCTTTTT,165)}
    {(ACCGAGATTATACCT,212)}
    {(GATTATACCTGTCAA,217)}
    {(AGCGGTTTTAGTTTT,299)}
    {(GGTTTTAGTTTTTTC,302)}
    {(TTTTAGTTTTTTCAC,304)}
    {(AGTTTTTTCACGAAT,308)}
   *{(ATTAATATTGGATAT,321)}
    {(TAATATTGGATATTT,323)}
    {(ATATTGGATATTTTT,325)}
    {(TATTGGATATTTTTG,326)}
    {(TTGGATATTTTTGCT,328)}
    {(AATTCAGATATTGCG,359)}
    {(AGTGACTGTGTTTCT,423)}
    {(CGTAACACTATGTAC,438)}
    {(CATAACAATAGATAC,460)}
    {(AGATACATCAACTAG,469)}
    {(AACTAGCTAAGTTCT,478)}
    {(AGCTAAGTTCTTTGT,482)}
    {(TTGTAAACGAATTAT,493)}
    {(AAACGAATTATTACC,497)}
    {(GGTCATTCCATATAT,521)}
    {(CATTCCATATATTTT,524)}
    {(TTCCATATATTTTCT,526)}
    {(CCATATATTTTCTCC,528)}
    {(AGGTATAAGCGTTAC,611)}
    {(AACCACATCATCATT,676)}
    {(CATCATTTCAAGTAT,684)}
    {(CACCAGAATATCTTT,746)}
    {(CAGAATATCTTTAAA,749)}
    {(AATATCTTTAAATAA,752)}
    {(CTTTAAATAAGTTGC,757)}
    {(GGGTAGCCTATATAT,978)}
S13:
    {(ATTCAAATTGCGAAT,69)}
    {(ATTAGCAGTTTTTAT,91)}
    {(AGTTTTTATTTGAAT,97)}
    {(TTTTATTTGAATTCC,100)}
    {(GATAAGATTCCATCT,136)}
    {(GCTAATATCATTAGG,187)}
    {(AACTATGATATGATG,227)}
   *{(TATGATATGATGTAT,230)}
    {(AATTGAATACCATTT,281)}
    {(ATTTCCATAATACTT,292)}
    {(TTCCATAATACTTTT,294)}
    {(CATAATACTTTTAAA,297)}
    {(AATACTTTTAAACAG,300)}
    {(AAACAGATTGTTATA,309)}
    {(GATTACATGATGCTA,419)}
    {(CATGATGCTAGTATT,424)}
    {(GATGCTAGTATTAAC,427)}
    {(GCTAGTATTAACTAG,430)}
    {(GTCGATCTTATTTAA,468)}
    {(GATCTTATTTAATAT,471)}
    {(TCTTATTTAATATCC,473)}
    {(CATCAAGTTCTTAAA,536)}
    {(AATTTTGGTTCGTTT,571)}
    {(ATTTTGGTTCGTTTT,572)}
    {(AAGGCTATTAAATCT,594)}
    {(TATTAAATCTCTAAG,599)}
    {(AAATCTCTAAGTTCT,603)}
    {(AAGCGTAGAAATTAT,639)}
    {(AATTATATTACGACT,648)}
    {(AACCATAGAAGTCTT,810)}
S14:
    {(ATCTATAGCCTGTAG,5)}
    {(AATCCTAGGGATTAA,182)}
    {(CACTTTAATCTCTAC,373)}
    {(CCTTACCTCATAGAT,393)}
    {(GAATATGCTGTCTAC,507)}
    {(TCTACCAGTATTTGT,517)}
    {(ACCAGTATTTGTTAC,520)}
    {(GACTATAGCATCACT,564)}
    {(AAAGATGTTACTAGT,589)}
    {(CGTTATATGAATTCC,646)}
    {(ACTTAGAAGATTGTC,745)}
    {(CATAAGATTTTATTA,795)}
    {(TAAGATTTTATTATA,797)}
   *{(GATTTTATTATAGGT,800)}
    {(TTTTATTATAGGTGT,802)}
    {(TATTATAGGTGTCCT,805)}
    {(AATTATACCAGATCC,851)}
    {(AAACATAGTAATATT,890)}
    {(CATAGTAATATTAGC,893)}
    {(AGTAATATTAGCTTT,896)}
    {(TAATATTAGCTTTAG,898)}
S15:
    {(AATAATAACAATCGG,62)}
    {(AATCGGATTACACAG,71)}
    {(TTTGAGATTGTTGAA,252)}
    {(CATTGAACTATAAGT,301)}
    {(AAATAAACTCCTACT,322)}
    {(GATTTGCATATATAA,381)}
    {(GCATATATAACTAAG,386)}
    {(AACTAAGTAAAATAG,394)}
    {(AATTCTGAAATTCTT,496)}
    {(TCTGAAATTCTTACT,499)}
    {(GAAATTCTTACTTAC,502)}
    {(GACTCTATAATTGTA,691)}
    {(TATAATTGTATGGAC,696)}
    {(AATTGTATGGACTCA,699)}
   *{(ACTCAAATTCTTTCT,709)}
    {(AAATTCTTTCTTGGT,713)}
    {(AATTCTTTCTTGGTT,714)}
    {(CACAAAATTGTTTCT,769)}
    {(CAAAATTGTTTCTAT,771)}
    {(GATTTAACTATGTGA,861)}
    {(AACTATGTGAGTCCA,866)}
    {(AATTCGCTTATTATT,939)}
S16:
    {(GCTTATAGTTTCAGT,129)}
    {(AGTTTCAGTGGTTCT,135)}
    {(CAATTTACACCTTAT,154)}
    {(ACCTTGATGACTTAT,253)}
    {(ACTTATATACTGTTG,262)}
    {(AATTGTGCTAGTCTA,342)}
    {(GCCAACATTATGTTT,549)}
    {(CAACATTATGTTTAA,551)}
    {(AACATTATGTTTAAT,552)}
    {(CATTATGTTTAATCT,554)}
    {(TTATGTTTAATCTAT,556)}
    {(ATGTTTAATCTATAC,558)}
    {(ACTCCGACTATTGCT,571)}
    {(CAATATAGCATTCCT,610)}
    {(GAGCCCCTAATTTAT,724)}
    {(TGTCAAAGGATTTTT,738)}
    {(AAGGATTTTTATAGT,743)}
    {(GATTTTTATAGTTAA,746)}
   *{(ATTTTTATAGTTAAT,747)}
    {(TTTTATAGTTAATTT,749)}
    {(AATTTTAAAGTTCGT,826)}
    {(AGGTCTGTTAGTTCA,913)}
    {(AAGCATTTTCATATT,950)}
    {(CATTTTCATATTTTG,953)}
    {(ATTTTCATATTTTGA,954)}
    {(TTTCATATTTTGATT,956)}
    {(TCATATTTTGATTAC,958)}
    {(CATATTTTGATTACT,959)}
    {(ATTTTGATTACTGAC,962)}
    {(AAGCATCTTAGAGTT,986)}
S17:
    {(AAAGATATTCTCCAT,7)}
    {(AGTAGTATTATCTTA,33)}
    {(TAGTATTATCTTAAA,35)}
    {(TATTATCTTAAAGTT,38)}
    {(CTTAACCTAATGTAT,173)}
    {(ACCTAATGTATCTAA,177)}
    {(ATGTATCTAAACTAG,182)}
    {(ATCTAAACTAGTTAC,186)}
    {(ACTAGTTACATTGAT,192)}
    {(AGTTACATTGATCTG,195)}
    {(AACGAAATTGTCTGG,342)}
    {(GGCTCTAGTATCTAC,355)}
    {(AATTGTAGAATGACT,377)}
    {(TAGATTAGTATAGAT,413)}
    {(GATTAGTATAGATAA,415)}
    {(GTTAAAGTTATTTCC,447)}
    {(AGTTATTTCCTGAAG,452)}
    {(ACTTATAACGTATGG,485)}
    {(AGTTACGTCTCCTAT,521)}
    {(AAGAATAATGTTATT,666)}
   *{(AATAATGTTATTTAC,669)}
    {(ATGTTATTTACCTAT,673)}
    {(ACCTATGGTACGCAT,682)}
    {(TATTCAATAAACTAA,717)}
    {(AACTAAAAGGTTTCA,726)}
    {(AAAGGTTTCAGTTAC,731)}
    {(AAAAACATGCTGTTT,762)}
    {(AAACATGCTGTTTGA,764)}
    {(AATTATTCGGCAAAT,818)}
    {(GTTTGATCCATTTAT,878)}
    {(GATCCATTTATTGAC,882)}
    {(AAAGGTATAATTCGT,909)}
    {(AGGTATAATTCGTAA,911)}
    {(AATTCGTAAAGGTAT,917)}
    {(AGGTATTTTCGTGAT,926)}
    {(ACGGATGCTAATTAA,952)}
    {(AATTAAAGGACGTCA,961)}
    {(GTTTAGAGTCTTCTT,976)}
    {(AGTCTTCTTGTTCAA,982)}
S18:
    {(GATCCCAGTCTTTAT,73)}
    {(AGTCTTTATACTGAT,79)}
    {(AATTTGAACTATTTT,125)}
    {(ATTTGAACTATTTTT,126)}
    {(AACTATTTTTTCAAA,131)}
    {(TATAACTTTATCAAA,256)}
    {(AACTTTATCAAACAA,259)}
    {(ATTAACGTTGTTTGG,280)}
    {(TACTACATAATTTCT,309)}
    {(ACATAATTTCTGTGT,313)}
   *{(TGTTACGTTATTTAT,376)}
    {(ATTTATGAAGAGTAT,385)}
    {(AGTAAGATTAATATA,406)}
    {(AAGATTAATATATTT,409)}
    {(GATTAATATATTTAC,411)}
    {(ATTAATATATTTACG,412)}
    {(AATTAAAGTATAGCC,439)}
    {(ACCCTTCCAATTTAT,490)}
    {(ATTTATACATAGTTT,499)}
    {(AACTTTCTAAAATTT,536)}
    {(CTTTCTAAAATTTAA,538)}
    {(AAGCATAATTAGTCT,563)}
    {(AACGTAAGCATTCAT,636)}
    {(ATTCATAATTGTACT,645)}
    {(CATAATTGTACTTAG,648)}
    {(CCCTATACTTTTAAT,664)}
    {(TATACTTTTAATACT,667)}
    {(ACTTTTAATACTATG,670)}
    {(AATACTATGCTATGA,676)}
    {(TACTATGCTATGATT,678)}
    {(TATGCTATGATTTTT,681)}
    {(TGCTATGATTTTTGT,683)}
    {(TATGATTTTTGTTTT,686)}
    {(ATTTTTGTTTTGCCT,690)}
    {(AGGTGTATGAACAAT,734)}
    {(AATCGCATAATCCTT,765)}
    {(TAACTGATAATTTGT,779)}
    {(ACTGATAATTTGTAT,781)}
    {(ATTTGTATTGGACAA,788)}
    {(CAATGGAATGTTTAG,864)}
    {(AATGGAATGTTTAGT,865)}
    {(CAAAGAAGTATTTAT,896)}
    {(AAGTATTTATGTTGG,901)}
    {(ATTTATGTTGGTAGA,905)}
    {(AATGCTCTAGTTAAA,919)}
    {(AGTTAAATACTTCGC,927)}
    {(AAGTGTATGGGTCAC,946)}
    {(CAGAATTTTATGGAT,969)}
    {(AATTTTATGGATGGC,972)}
    {(ATGGATGGCAATTAT,978)}
S19:
    {(ACTTAGAATGTATAG,19)}
    {(TTTTATATGAGCGGT,46)}
    {(ACGCACTTCATTTAA,128)}
    {(TCTGCTAGTCTTTAC,163)}
    {(CAACATGTACTTTTT,181)}
    {(ACATGTACTTTTTTT,183)}
   *{(ATGTACTTTTTTTAT,185)}
    {(TACTTTTTTTATAAT,188)}
    {(ACTTTTTTTATAATA,189)}
    {(TTTTTTATAATATTT,192)}
    {(TTTTATAATATTTTG,194)}
    {(TATAATATTTTGGCT,197)}
    {(AATAAAATCATCTAC,330)}
    {(AATCATCTACGTAGT,335)}
    {(AACCACAGTGTGAAT,351)}
    {(ACTGAAACTCTTAAT,443)}
    {(AATTGTTGTTGCTGT,543)}
    {(AATTTAATAACGTGA,606)}
    {(CGTGAGATTGTTCGT,616)}
    {(AATGCACTTATATCA,643)}
    {(ACTTATATCATGTCA,648)}
    {(CAGTATCTCATTATG,791)}
    {(TATCTCATTATGGTT,794)}
    {(GTTTCGATGTTTTGT,828)}
    {(ACCTCAATGATATAT,913)}
    {(AATGATATATTATAG,918)}
    {(TGATATATTATAGTC,920)}
    {(ATATATTATAGTCCT,922)}
    {(TATTATAGTCCTACG,925)}
    {(GATGCTATCATTTGA,952)}
    {(TTTGACATTACATAC,962)}
    {(CATTACATACATCAC,967)}
S20:
    {(TAGCGTATGAGTTAG,35)}
    {(CGTTGGCTTATTAAT,111)}
    {(ATTAATAGTGCGTCT,120)}
    {(AAGTTTATTCGGTGG,172)}
    {(TGGCATACTACTTAA,232)}
    {(AATACAATTGTAGAT,252)}
    {(GCTTACTTCATGGAT,306)}
    {(AACAACGCTAGTTAG,328)}
    {(AACTGCATAAATCGT,352)}
    {(AATCGTCTTCTGGTT,361)}
    {(TATAACATTACACTT,392)}
   *{(CATTACACTTTTCAT,397)}
    {(ACACTTTTCATTAAT,401)}
    {(CTTTTCATTAATAAA,404)}
    {(AACTACATAAGTGTG,431)}
    {(AAGTGTGTGACCTTT,439)}
    {(TTTTGTAACAATTAT,451)}
    {(AAACCGACAAGTTAT,594)}
    {(TATTATCCTGTGTCC,606)}
    {(GTTTTAATAAGATAT,648)}
    {(TCTGAGATAACTTAA,676)}
    {(AACAATAATGACTAC,718)}
    {(AGCCATGTTATACCT,868)}
    {(AGTTATAGCTAGGAT,883)}
    {(ATAGCTAGGATCTAT,887)}
    {(ATCTATTGAACTGAT,896)}
    {(ATTGAACTGATTTGG,900)}
    {(CCCTAAAGAACTTAT,970)}
    {(AAAGAACTTATGCAT,974)}
S21:
    {(ATGCAAATCACTGAT,32)}
    {(AGCTAGCATAGATAT,47)}
    {(ATAGATATCAGATAA,54)}
    {(GATAAGATTATAGCT,64)}
    {(TACACTATTAGCTAT,118)}
    {(TATGATGCTAGATAA,130)}
    {(AATTGTCATATAAAA,143)}
    {(CTTCAAAATAATTTT,177)}
    {(AAAATAATTTTATAT,181)}
   *{(AATAATTTTATATGC,183)}
    {(TAATTTTATATGCAT,185)}
    {(TTTTATATGCATCTT,188)}
    {(ATGCATCTTATCCCT,194)}
    {(TCTGAGATTAAATAT,236)}
    {(AGATTAAATATATAT,240)}
    {(ATTAAATATATATAC,242)}
    {(AAATATATATACAAA,245)}
    {(ATATATACAAATATT,249)}
    {(ACAAATATTCCATAT,255)}
    {(AAATATTCCATATAC,257)}
    {(TGTCATAAGCATTAT,292)}
    {(AAGCATTATAGTTAC,298)}
    {(CATTATAGTTACAGT,301)}
    {(AGTTACAGTATGAAG,307)}
    {(AAGCATTCGATGAAT,319)}
    {(CATTCGATGAATGAA,322)}
    {(AATGAAAGCATGTAA,331)}
    {(AATTTTAGAGTATTC,354)}
    {(TTTTAGAGTATTCGT,356)}
    {(ACCGGTCTTATTTAT,408)}
    {(ATTTATAGGTATTGA,417)}
    {(GATCATCCTATAATT,456)}
    {(CATCCTATAATTCAT,459)}
    {(TAATTCATGATGTAT,466)}
    {(ATTCATGATGTATAC,468)}
    {(ATGTATACTAACTAC,475)}
    {(AGTAATAATTTCGAT,497)}
    {(AGTTGTCTCTGTTAG,652)}
    {(CCAAAAATGATTTAG,675)}
    {(AGAAAGATTTTGTTT,695)}
    {(AAAGATTTTGTTTGA,697)}
    {(AAGATTTTGTTTGAT,698)}
    {(AATTGGCGTGTTGAA,722)}
    {(AATTACCCGATGTTA,735)}
    {(AGTGGAGTTTCTTAT,796)}
    {(GAGTTTCTTATTTTA,800)}
    {(AGTTTCTTATTTTAA,801)}
    {(TCTTATTTTAACTAT,805)}
    {(AGCGATCTTATTGGA,890)}
    {(AATGCTCGGGTATAT,928)}
S22:
    {(GACTATTCTATTCTG,2)}
   *{(TATTCTATTCTGTAG,5)}
    {(AACACTGTAATGTAT,24)}
    {(CACTGTAATGTATGT,26)}
    {(AGCACTATGGTGTAT,62)}
    {(GAGAATATTATCCCA,87)}
    {(ACTTGTAACAGTTCA,176)}
    {(CATTAGAAACATAAT,235)}
    {(AACCATGCTGTTCAT,251)}
    {(CATGCTGTTCATCAT,254)}
    {(ACTTATTCCACTTTG,312)}
    {(AATGTTACTATAGCT,332)}
    {(AATTCTGCGATTCCT,437)}
    {(ATTCCTGTAAACTAT,446)}
    {(AACTATATGACTTCC,455)}
    {(AATTGGGTTCTCGAT,487)}
    {(AAGTCTACTAGGATT,522)}
    {(AATTAGAATTTCGGC,551)}
    {(AATTCGCTGATCAAC,566)}
    {(CAGTCTGTTATTGGG,580)}
    {(TGCCATAGTATATAA,658)}
    {(TAGTATATAATAGAA,663)}
    {(ATTTGGATTACATCC,684)}
    {(GATTACATCCTGGGT,689)}
    {(AACTGCATAAATTGG,721)}
    {(ACGTAAATGTTTAAG,772)}
    {(CATTAGATGAAGTTC,871)}
    {(GCTGAGGCTATTCAT,894)}
    {(GGTAATCGTGTTGAT,911)}
    {(AATCGTGTTGATAAC,914)}
S23:
    {(TCCTTTATTTTTTCT,2)}
    {(CTTTATTTTTTCTTC,4)}
    {(ATCGATATGATGCTT,52)}
    {(GATATGATGCTTAAT,55)}
    {(CATCAAGTTGATGAT,99)}
    {(AAGTTGATGATTGAA,103)}
    {(GATCAGTTAGTTCAT,135)}
    {(ACTTGTAGTCTTATC,169)}
    {(TAGTCTTATCTTGAT,174)}
    {(TCTTATCTTGATTTA,177)}
    {(AATAAAGGCATTTAC,207)}
    {(AATCCTAAAATTGTC,227)}
    {(GACCGTAATGTTTCT,334)}
    {(CGTAATGTTTCTGAT,337)}
    {(AATGTTTCTGATTAT,340)}
    {(TTTCTGATTATCTAC,344)}
    {(GATTATCTACATACT,349)}
    {(ATCTACATACTCTAG,353)}
   *{(ACGTTTAATATTTAG,462)}
    {(TAATATTTAGGTTAT,467)}
    {(ATTTAGGTTATAAAC,471)}
    {(GACAATAGTAATTAC,491)}
    {(AACTAGGTTCTTCCA,544)}
    {(AATCATAATCCCTAA,631)}
    {(TCATTTGTTAGCTAT,673)}
    {(AGACTTAATATGTAT,752)}
    {(TACGAAATTATAAAC,779)}
    {(AATTATAAACTGAAT,784)}
    {(AAGTGCATCGTTGTT,899)}
    {(GTTGTTAATATTTCG,908)}
    {(AATCTGCTCTTTCAT,941)}
S24:
    {(AAACCTGTTCTTAAG,20)}
    {(AACTCAAATACAGAT,46)}
    {(ATTTCGCTTACTTGG,76)}
    {(AAATATGGTAATATG,189)}
    {(TATGGTAATATGGAG,192)}
    {(AACTGTACCATAGAA,217)}
    {(TACCATAGAACTTAT,222)}
    {(AACGATATGCTGCAG,308)}
    {(TAACATATAATCTTT,341)}
   *{(ACATATAATCTTTTT,343)}
    {(ATATAATCTTTTTCT,345)}
    {(TATAATCTTTTTCTT,346)}
    {(AATCTTTTTCTTCGA,349)}
    {(AAATTGAATATCCGT,477)}
    {(TAGACCAATATATAT,519)}
    {(GACCAATATATATAT,521)}
    {(CAATATATATATTCT,524)}
    {(ATATATATATTCTCA,526)}
    {(ATATATATTCTCAGA,528)}
    {(TATATTCTCAGATAT,531)}
    {(TAAAATACCACTTGT,772)}
    {(AAATACCACTTGTAT,774)}
    {(ACTTGTATCCTCGCT,781)}
    {(AATCGCATTACTATC,801)}
    {(ACTTACTCTATTATT,845)}
    {(TACTCTATTATTATA,848)}
    {(TATTATTATACCGCT,853)}
    {(TATTATACCGCTTTG,856)}
    {(GCCTCACTTATCTAT,919)}
S25:
    {(AAATGTCTACATGAT,44)}
    {(GTCTACATGATTGTT,48)}
    {(TACATGATTGTTTTT,51)}
    {(CATGATTGTTTTTAC,53)}
    {(AATCTGAATTTTCCT,102)}
    {(AATTTTCCTTGTTAG,108)}
    {(ACTTTTCATAAATCT,144)}
    {(ACTGGCTTTATCAAT,161)}
    {(CAGCAGAGTATTTTA,215)}
    {(GAGTATTTTAGGTTC,220)}
    {(AATAGCTTTCTACAT,242)}
    {(ATTTGTGTCCCTTCT,270)}
    {(CACTATGTATATTAG,388)}
    {(ATGTATATTAGAATG,392)}
    {(TATTAGAATGAGTAG,397)}
    {(AATACAATGTTGTAA,621)}
    {(TACAATGTTGTAAAT,623)}
    {(AATAGAATTAGCTGC,635)}
    {(AATTAGCTGCACTTT,640)}
    {(CACTTTGCTTTTGAT,649)}
    {(AAATACAATAAAGAT,687)}
    {(AATAAAGATATATGT,693)}
    {(AAAGATATATGTATT,696)}
    {(AGATATATGTATTCA,698)}
    {(ATATGTATTCACTAC,702)}
    {(CGCTGAATTATTCAA,720)}
    {(AATTATTCAATAGGG,725)}
    {(AATCATCTGCCCTAC,786)}
    {(AAAAGTTATATTGAA,807)}
    {(AAAGTTATATTGAAT,808)}
    {(AGTTATATTGAATTT,810)}
    {(TATTGAATTTTGGAA,815)}
    {(AACGGGAATTTATAT,883)}
    {(AATTTATATAATTCG,889)}
   *{(ATTTATATAATTCGT,890)}
    {(TTATATAATTCGTAT,892)}
    {(CATTGTCTTAGTTGC,938)}
    {(TCTTAGTTGCTTTAT,943)}
    {(CTTTATAAGAAATGT,952)}
    {(AGAAATGTCAGTTGT,959)}
    {(AATGTCAGTTGTTAA,962)}
    {(AGTTGTTAAATTTTG,968)}
S26:
    {(AAGTTCACAATTGTT,15)}
    {(ACAATTGTTGCTTAT,21)}
    {(AATCAAAATCTGCGT,108)}
    {(ATTGGCATGACTTTT,158)}
    {(AGTTAGTTTACGCGT,331)}
    {(AATAAAACATTCTAT,361)}
    {(TAAAACATTCTATAG,363)}
    {(AAACATTCTATAGAC,365)}
    {(TAGACTATAAGTTAT,387)}
    {(CTATAAGTTATTCAT,391)}
    {(TAAGTTATTCATTCT,394)}
    {(AAGTTATTCATTCTT,395)}
    {(CATACGGTTAGTTGT,444)}
    {(AGAGGTAGTATTTAG,540)}
    {(GATCTGACTATACAT,574)}
    {(GACTATACATTTTAA,579)}
    {(ATACATTTTAACTAA,583)}
    {(ATTTTAACTAATCAT,587)}
    {(ACTAATCATCTCTAC,593)}
    {(ACCAATCTGAGTCAT,648)}
    {(TTTTGCCTTATTAGT,705)}
    {(TAGTGTGATAGGTAT,716)}
    {(TATGCTATGCTCTAT,745)}
    {(TGCTCTATTATGAAA,752)}
    {(TATTATGAAAGTAAC,757)}
    {(AAGTCAATCAAGAAT,772)}
    {(CCTGATATTCGTTGT,837)}
    {(AAGAGCCTTATTAAA,872)}
    {(AGCCTTATTAAATAG,875)}
    {(TATTAAATAGTTCGT,880)}
    {(AATCCCAGTACCGAT,901)}
   *{(GATTAGAGTATGCAT,913)}
    {(CGGATTATTAGTTAC,941)}
    {(TTCTTGATTAGTTTT,959)}
S27:
    {(GACTATAGACTTCAG,4)}
    {(GTGTATGTTCATTAT,121)}
    {(ATGTTCATTATATTG,125)}
    {(GTTCATTATATTGTT,127)}
   *{(CATTATATTGTTACA,130)}
    {(TATATTGTTACATAT,133)}
    {(TATTGTTACATATAC,135)}
    {(ACCGATGTTTCTTAC,191)}
    {(CACGATATTGTCTTT,225)}
    {(CGATATTGTCTTTCT,227)}
    {(TATTGTCTTTCTTCG,230)}
    {(AACCCGGCTATATAT,247)}
    {(ATATATATTCACAAG,258)}
    {(AAAGCTCTAATTTAT,289)}
    {(AGCTCTAATTTATTT,291)}
    {(CTCTAATTTATTTTC,293)}
    {(ACTTTGAGAACTTTT,381)}
    {(ACTTTTCTGATATCT,390)}
    {(TTTTCTGATATCTAA,392)}
    {(AAGAATACATTTTGT,422)}
    {(GAATACATTTTGTCA,424)}
    {(ATACATTTTGTCAAT,426)}
    {(AATTAACATATCGGC,456)}
    {(TATTATACACTTATC,544)}
    {(TATACACTTATCCAT,547)}
    {(ACTTATCCATCTAAT,552)}
    {(AATTCCATAAAAGCT,564)}
    {(CATCATTTTCGTTTA,598)}
    {(GCTGATCGTTTATAT,650)}
    {(GTTTATATCCCTTAG,657)}
    {(GACCTTAATATGAAT,697)}
    {(AATATGAATATAAAA,703)}
    {(GAATATAAAACTCTT,708)}
    {(TATAAAACTCTTGAC,711)}
    {(GACTATAAGCTCTGT,760)}
    {(AATAACGTAAGTAAC,782)}
    {(AATTATGCCGGTCTT,807)}
    {(AAATATGTTATCAAA,852)}
    {(GATTCTCTTGTGTTC,874)}
    {(GATGATATGACAAGT,916)}
    {(ATCTGTATGAGTATT,984)}
S28:
    {(AATAAACCTTTCTGT,5)}
    {(GACAATCGTAGTTAA,23)}
    {(AACGTGATGCTTTAA,37)}
    {(GATGCTTTAAGGTAT,42)}
    {(GAAGATACTAAGTAT,117)}
    {(AAGTATAGTGCATAG,126)}
    {(TATTACGCTCTTTAA,146)}
    {(TCTTTAAGCAATTAT,154)}
    {(AAGCAATTATATTAT,159)}
    {(AGCAATTATATTATT,160)}
   *{(AATTATATTATTTCA,163)}
    {(TATATTATTTCATAC,166)}
    {(TATTATTTCATACGA,168)}
    {(ATTTATGATAATGCA,209)}
    {(CATTGTCAAATTTGT,222)}
    {(ATTTGTATTGGCATT,231)}
    {(TATAACGTGATTACT,256)}
    {(GCGTAGATCTTTAAT,291)}
    {(AGCTATCGTTATCAT,340)}
    {(TATCATGAGTTTTAA,349)}
    {(GAGTGAAAAATTTAA,535)}
    {(ACTTACATTGTACAA,636)}
    {(ACTGACAGAAGTTAT,722)}
    {(CCTTATACTGTTGGT,868)}
    {(CATTGGACAGATTAT,910)}
    {(GGACAGATTATATAC,914)}
    {(GATTATATACAACAA,919)}
    {(ATATACAACAATTAA,923)}
    {(CTTTATCGTATTAGA,947)}
    {(AGGAATATCAATGTT,984)}
S29:
    {(CACAATAATAAATAA,82)}
    {(AGTCATATTCCGAAG,106)}
    {(GATGAGACCATTTGC,120)}
    {(GATCAGATGAAGTAT,222)}
    {(AAGTATAACCGAAAT,231)}
    {(AACCGAAATCTTTAT,237)}
    {(AATTAGCTTGGGAAG,438)}
    {(CGTCAGAATATTTTG,464)}
    {(GATCCTGGTTTTAAT,497)}
    {(AATGCCACTGCTGAT,509)}
    {(CATTAGGGTAACTCT,585)}
    {(AACTCTTTTACATTT,594)}
    {(CTCTTTTACATTTAT,596)}
    {(TTTTACATTTATTCT,599)}
    {(AAAGAGATCCAATAT,783)}
    {(AAATTTATCGCAGAT,812)}
    {(GATTGCATTGATGGT,824)}
    {(ATTGATGGTATGACT,830)}
    {(GCTTGCGGTATTTCT,880)}
    {(ATCCCGATTAGATAT,907)}
    {(GATTAGATATTTTGA,912)}
    {(CGCCATATTATTAGT,962)}
    {(CATATTATTAGTAGT,965)}
    {(ATTATTAGTAGTAAA,968)}
    {(ATTAGTAGTAAATAT,971)}
    {(TAGTAAATATTTTGT,976)}
    {(GTAAATATTTTGTGT,978)}
   *{(AAATATTTTGTGTAA,980)}
S30:
    {(AAGTATCGTAATCTC,27)}
    {(TATTGAAGAATTAGT,60)}
    {(ACCTTTATCTTATAA,92)}
    {(CTTTATCTTATAAGA,94)}
    {(TAAGAACTCATGTAT,104)}
    {(AACTCATGTATATTT,108)}
    {(ATGTATATTTGTTTA,113)}
    {(TGTATATTTGTTTAT,114)}
    {(TCTGATGTTATATGC,167)}
    {(TGTTATATGCTTCGT,172)}
   *{(AATTGCATTACTTAT,195)}
    {(CATTACTTATGTTAA,200)}
    {(ACTTATGTTAAACCA,204)}
    {(AGTTAAAATCTTGCA,219)}
    {(CATCATATCCTATGT,232)}
    {(TCATATCCTATGTTT,234)}
    {(AGTTCTTTGATAGAG,316)}
    {(GCGAATATAATCTCT,416)}
    {(GAATATAATCTCTAA,418)}
    {(GATAAAAATCATTTT,450)}
    {(ATAAAAATCATTTTC,451)}
    {(AAAAATCATTTTCTT,453)}
    {(AATCATTTTCTTGAG,456)}
    {(CATTTTCTTGAGTAG,459)}
    {(GACTATAATACTTCG,473)}
    {(TATAATACTTCGTCT,476)}
    {(TCTTAGCTAATATAC,531)}
    {(AGTTATTTCATCAGT,590)}
    {(TATTTCATCAGTCTT,593)}
    {(AGTTAACTTAGGAAA,651)}
    {(AAACATATCAGTCTA,665)}
    {(GTTTGTAGTATATGC,690)}
    {(TAGTATATGCTTACT,695)}
    {(AACCGAATTGTTCTT,719)}
    {(TCTTCCATAAATTAC,730)}
    {(AATTACTATAGTTTC,739)}
    {(ATTACTATAGTTTCC,740)}
    {(TACTATAGTTTCCCT,742)}
    {(TTGGAAATTGCTTAT,775)}
    {(AAATTGCTTATATTG,779)}
    {(ATTGCTTATATTGAG,781)}
    {(CCCTCGCTTATTTTT,837)}
    {(AATGGGACTAATTCT,862)}
    {(AATTCTGCGATTCAA,871)}
    {(AATTCCATTCTTAAC,960)}
    {(ACTAAAACAACTTAT,973)}
    {(AAACAACTTATCTTT,977)}
    {(ACTTATCTTTTCAAT,982)}
S31:
    {(CGTTTGCCTATTTGT,16)}
    {(AACGCGATTTTCGAT,35)}
    {(AATCGCTTCGTTTAT,50)}
    {(AATGCGTTTCTTTCC,114)}
    {(ATATACATACTTTAA,163)}
    {(AGATAACTCATATAA,223)}
    {(TCATATAAAAGTAAT,230)}
    {(TATAAAAGTAATTCG,233)}
    {(AAGTAATTCGTTTGG,238)}
    {(AATTCGTTTGGGTAC,242)}
    {(GAGTATAGTAGTTCG,270)}
    {(CCGCAAAGTATGTAT,295)}
    {(AATTCAAGACTTTAC,323)}
   *{(AATCATCGGATCTAT,393)}
    {(TATTAATACCTTTAG,405)}
    {(CCTTCTATAATAGTT,455)}
    {(TTCTATAATAGTTAG,457)}
    {(AAGTTAATCACCGAT,515)}
    {(CACCATCTTAAATAG,662)}
    {(GTGCATATTGTTCTT,679)}
    {(CATATTGTTCTTTTC,682)}
    {(TCTTTTCTGAGCTAT,690)}
    {(TATTACGCGATATCT,702)}
    {(AAAAACATTCGTAGT,919)}
    {(CGTTGTATCATTATG,968)}
    {(TGTATCATTATGGAT,971)}
S32:
    {(ACTTAAATCCCTAAA,31)}
    {(AATTGAACCCTATAG,44)}
    {(AAGCACCTTACCTAA,127)}
    {(CGTGATATGCTGTCT,223)}
   *{(TCTGATTTTATTTGT,235)}
    {(GATTTTATTTGTTCT,238)}
    {(ATTTTATTTGTTCTT,239)}
    {(CATTACGTCTAATAT,263)}
    {(ACGTCTAATATTCGA,267)}
    {(GTTTTTTTTGCTGAT,312)}
    {(GATCTTAGGCTTTAT,324)}
    {(AATAATACAATCCTC,388)}
    {(AATCCTCTTATGAGC,396)}
    {(GATCATCGTATTGAG,423)}
    {(AAGCACGTTATCTCA,443)}
    {(CGTTATCTCAGCTAT,448)}
    {(TCAGCTATAAGTTAT,455)}
    {(AGCTATAAGTTATTT,457)}
    {(CTATAAGTTATTTTT,459)}
    {(TATAAGTTATTTTTT,460)}
    {(TAAGTTATTTTTTAT,462)}
    {(AAGTTATTTTTTATT,463)}
    {(AGTTATTTTTTATTA,464)}
    {(GTTATTTTTTATTAT,465)}
    {(TTTTTTATTATGACC,469)}
    {(GTTAAAATTATTTAC,498)}
    {(AATTATTTACGAGCT,503)}
    {(TATGAGCGTAGTTGT,517)}
    {(AGTTGTCTAACATAA,526)}
    {(TCTAACATAATTAAA,531)}
    {(AATTAAAGGAATAAC,539)}
    {(AATAACACGGATAAT,548)}
    {(GATAATGTTATCTTA,557)}
    {(TGTTATCTTAGTGTT,562)}
    {(TATCTTAGTGTTGGT,565)}
    {(AGGTAAAATTTTCTT,601)}
    {(TAAAATTTTCTTCGT,604)}
    {(AAATTTTCTTCGTAT,606)}
    {(AATTTTCTTCGTATC,607)}
    {(TCTTATATCACGCCT,701)}
    {(AATGCTCTCCCTAAT,810)}
    {(AATTGGACTATTGAA,822)}
    {(TTCTGAACTATTTAG,851)}
    {(AACTATTTAGGTGGT,856)}
S33:
    {(AGATACCTATATTAT,22)}
   *{(ACCTATATTATTCGC,26)}
    {(AAAGGTATTGCGTAA,92)}
    {(ACTGATGATTTTTAT,120)}
    {(GATGATTTTTATGAA,123)}
    {(ATTTTTATGAACTGC,127)}
    {(AATACCCTTATATAT,244)}
    {(AAGTAAAGTATAGGT,323)}
    {(ATTGCCATTCGTAAT,372)}
    {(ATTCGTAATTTCTAA,378)}
    {(ATTTCTAACACCTAC,385)}
    {(ATGTTTAATAAGTTT,507)}
    {(CATCAGCTTGGTTAA,589)}
    {(TAATATATGGTGAAA,652)}
    {(GACTACATAATTCAC,679)}
    {(TTTTCGATTCCGTAT,797)}
    {(AAAGAATTTGGTCAT,938)}
    {(AATTTGGTCATTGGA,942)}
S34:
    {(ATTAAAATTATCCAG,12)}
    {(AAATACGGTATTTTA,48)}
    {(AATACGGTATTTTAC,49)}
    {(ACTAAGGGTAATTAG,77)}
    {(ACCAATTGTAATTAC,161)}
    {(AATTGTAATTACCAG,164)}
    {(GTTTTTCGCGTTTAT,207)}
    {(ACGCAAAAATTTTAT,233)}
    {(AAAAATTTTATGTTC,237)}
    {(AATTTTATGTTCTGA,240)}
    {(ATTGGTGTTCATTTT,256)}
   *{(CATTTTTTTACTTAA,278)}
    {(ATTTTTTTACTTAAC,279)}
    {(ACGTATTGTAGTTAC,320)}
    {(AAAGTTGCGTTTTAT,380)}
    {(AGTTGCGTTTTATAA,382)}
    {(CCCTGGGTTATTGAT,397)}
    {(GGTTATTGATTTTAC,402)}
    {(CAAGATATTGGCTGT,424)}
    {(AATTACAACAGAAAA,481)}
    {(AGTGAGAGTATGTCT,503)}
    {(TCTAATGTGATGTAC,515)}
    {(AATTACCGAAGTTCC,551)}
    {(AACTACATTTCATCG,712)}
    {(CATCGTATCAAGTTT,722)}
    {(GCCGACATTGTTTCT,759)}
    {(GTTGATCTTAGATCT,897)}
    {(TCTTAGATCTTAGAT,902)}
    {(AGATCTGTAAGTTAT,913)}
S35:
   *{(AATTATAGTAGTTTC,133)}
    {(TAGTAGTTTCCTTAA,138)}
    {(AGTAGTTTCCTTAAT,139)}
    {(AGTTTCCTTAATCCT,142)}
    {(CTTAATCCTATTACT,148)}
    {(AATCCTATTACTTGC,151)}
    {(ACTTAAACGCGTTGT,255)}
    {(AAACATGATAAGTAG,308)}
    {(CATGATAAAAGTAAA,378)}
    {(GATAAAAGTAAAAAT,381)}
    {(AGTAAAAATATTCGA,387)}
    {(AAAAATATTCGAGTT,390)}
    {(AAATATTCGAGTTAG,392)}
    {(AGTTAGATTATGTTC,401)}
    {(GATTATGTTCCTAAG,406)}
    {(AACTAAACGTTATAG,481)}
    {(AAAATCGATATCTAT,569)}
    {(AATTCAATAAACTAG,662)}
    {(CAATAAACTAGTGAC,666)}
    {(AACTAGTGACTTAAT,671)}
    {(TAGTGACTTAATTAT,674)}
    {(AATTATACTCGTATC,683)}
    {(TATCTTAGAAAATAT,694)}
    {(TCTTAGAAAATATTT,696)}
    {(TAGAAAATATTTTAA,699)}
    {(AAATATTTTAACCCA,703)}
    {(ACTTAACATAGTAAC,723)}
    {(CCTTAGATTATCGGA,802)}
    {(AAACACACAATAAAT,865)}
    {(CAATAAATGATTAGG,872)}
    {(AACAATAGTCTGAAA,890)}
    {(AAGCGTGATATTAAA,909)}
    {(CGTGATATTAAATCA,912)}
    {(TATTAAATCACTTAA,917)}
S36:
    {(AGCTATAGTGCTTAC,2)}
    {(CACTAGCACGTTTAT,39)}
    {(ACGTTTATCCATGAT,46)}
    {(AATACTAAACTAGAT,76)}
    {(TACTAAACTAGATTT,78)}
    {(AACTAGATTTGAAAT,83)}
    {(GACCGTGTTTTGTAT,111)}
    {(ATCACTATAACTTCT,124)}
    {(CACTATAACTTCTAT,126)}
    {(ACTTCTATAAACTTT,133)}
    {(TTCTATAAACTTTAG,135)}
    {(CATTTCATGGGATAT,207)}
   *{(TGGGATATTATTTTT,214)}
    {(GATATTATTTTTCAT,217)}
    {(TATTATTTTTCATGG,219)}
    {(AATAAGACGATCTCT,579)}
    {(GAATGCATCAATTAA,639)}
    {(CATCAATTAAATTAC,644)}
    {(AATTAAATTACATCG,648)}
    {(AATTACATCGCTAAT,653)}
    {(GCTAATAGCAGTTAA,662)}
    {(AGTTAAGATCTTTAG,671)}
    {(ACTTAGATAGTCAAT,728)}
    {(AGATAGTCAATTTAA,732)}
    {(AACTAGGTTATATTG,780)}
    {(GACTATGACATTTTC,872)}
    {(TATGACATTTTCCAG,875)}
S37:
    {(ACTAACACTTTTAGT,4)}
    {(AACACTTTTAGTGAG,7)}
    {(AGTGAGCGGATTTTT,16)}
    {(AAGTACATGAAGTAC,48)}
    {(AGTACGACTTGTTAT,58)}
    {(CTTGTTATTATCTGT,65)}
    {(TATTATCTGTTGCAG,70)}
    {(AATGTAATCTACTAT,94)}
    {(TAATCTACTATAAAT,98)}
    {(ATCTACTATAAATAT,100)}
    {(TACTATAAATATTAA,103)}
    {(ACTATAAATATTAAT,104)}
    {(ATAAATATTAATAGT,107)}
    {(AATATTAATAGTAAT,110)}
    {(ATTAATAGTAATAGA,113)}
    {(AGATTTATATTATTT,153)}
   *{(ATTTATATTATTTAT,155)}
    {(TTATATTATTTATAT,157)}
    {(ATATTATTTATATAT,159)}
    {(ATTATTTATATATAA,161)}
    {(ATTTATATATAATGT,164)}
    {(TTATATATAATGTGC,166)}
    {(AATTGTTTGTGTACT,227)}
    {(CGGTATAAACGTTAT,253)}
    {(ATAAACGTTATATAT,257)}
    {(GATTACATCCTCAAC,357)}
    {(ATTTGCACTAATTCT,403)}
    {(ACTAATTCTAATTCT,409)}
    {(AATTCTAATTCTCCC,412)}
    {(AATTCTCCCGTGTAC,418)}
    {(TGGTTTTCTACTTAT,448)}
    {(ACTTATAGGACCTCG,457)}
    {(CGTTATCATCAGTAT,520)}
    {(CAGTATACCATATTT,529)}
    {(TACCATATTTGCTAC,534)}
    {(AATTATATCCAATAC,589)}
    {(CCTTTTGCTACTGAT,613)}
    {(TAGTACCTTATATGC,643)}
    {(AACTCACATAATTAC,660)}
    {(ACTCACATAATTACG,661)}
    {(AGTCATACTCGTTCG,683)}
    {(ACGTATCTTGTCTGA,706)}
    {(GAACACAATGTTCAT,777)}
    {(CACAATGTTCATCAT,780)}
    {(CATTCCTTTTTCCAT,834)}
    {(CATTGAATTACTAAC,980)}
S38:
    {(AAGTCTATTAACCCT,15)}
    {(AACCCTACTATACTT,24)}
    {(CGCTATTTGATTGAC,81)}
    {(TATTTGATTGACTTT,84)}
    {(AGTAATAGTATGGGC,138)}
    {(AAGTTCATATATTAC,154)}
   *{(ACTCAAATTTTTGAT,169)}
    {(AAATTTTTGATACGT,173)}
    {(AATGCCATACCTTAG,210)}
    {(CCATACCTTAGGTAT,214)}
    {(TAAGCCATTAGTTAT,233)}
    {(AGTTATCATCCTTTA,242)}
    {(AAATAGTCCATTCAA,295)}
    {(GTTTTTCATAGTTAC,378)}
    {(AACTTTACTTCTTCG,471)}
    {(CATAAGATCAGATAC,568)}
    {(ACTTATAGATTTTCC,617)}
    {(ATAGATTTTCCTAAT,621)}
    {(GATTTTCCTAATGAA,624)}
    {(ATTTTCCTAATGAAT,625)}
    {(GACTCGTATATTTAG,754)}
    {(ACTCGTATATTTAGT,755)}
    {(TCGTATATTTAGTAT,757)}
    {(GACTATATCAATGAT,939)}
    {(ATATCAATGATTACT,943)}
    {(AATGATTACTTGCAT,948)}
    {(TACTTGCATATTGAT,954)}
    {(TATTGATGTGTTTAC,962)}
    {(GATGTGTTTACCTAT,966)}
    {(TGTTTACCTATCTAT,970)}
    {(ATCTATAGCAATTAC,979)}
S39:
    {(TATTTTACCATCCCT,15)}
    {(AGATATATCCTTTTG,62)}
    {(ACCTCTCGAATGTAT,86)}
    {(ATGTATACACTGTAC,95)}
   *{(CTGTACAGTATTTAT,104)}
    {(GTATTTATGAATTAG,111)}
    {(AATAGTACGGCTTGT,141)}
    {(TAAGTGATGATTTCT,163)}
    {(CGCTATCAGATTGAT,436)}
    {(GATCCGATGATTAAG,448)}
    {(ATTTGTGTTGGAAAT,512)}
    {(AAACCAAATGTTAAT,566)}
    {(ACAGCTAAAATTTAT,621)}
    {(AGCTAAAATTTATAT,623)}
    {(AAAATTTATATTGCT,627)}
    {(ATTTATATTGCTAAC,630)}
    {(AAGGCGATGATATAC,674)}
    {(GATGATATACCGTAT,679)}
    {(TACCGTATGATGTAT,686)}
    {(TGATGTATTATGCAC,693)}
    {(AATAAGAGCAAATTT,739)}
    {(AATTTTAAAACTACC,749)}
    {(AACTACCTCAGGGAT,757)}
    {(GAAAATGGTATTTCG,777)}
    {(AATGGTATTTCGTTT,780)}
    {(CGTGATACTCATAAT,845)}
    {(AATTAATATAGCCAG,870)}
    {(AATCTTAACATTAGT,887)}
    {(CTTAACATTAGTCAT,890)}
    {(GACTCTCGTATTTCG,957)}
S40:
    {(AAGTGTAAGAATATT,37)}
    {(TGTAAGAATATTCAC,40)}
    {(GTTTATATTGCTTCT,60)}
    {(AACAAGCTTTAATAT,139)}
    {(AGCTTTAATATTAAT,143)}
    {(TTTAATATTAATCTA,146)}
    {(AGCTAAGTTTTGTAG,192)}
    {(AATCGTTTTGTGGGT,253)}
    {(CCTTATCTGACCTAA,285)}
    {(AATAGAACTATCTGA,298)}
    {(GATCAAATCGTTATT,320)}
    {(CAAATCGTTATTTTT,323)}
    {(AATCGTTATTTTTGG,325)}
    {(ACTTAAAGTATTTCA,342)}
    {(AAGTATTTCAACTCA,347)}
    {(AATTCAACATTATAT,401)}
    {(TTCAACATTATATAA,403)}
    {(CATTATATAAAGGAG,408)}
    {(AAATACATCATACTC,475)}
    {(CATTATCTTCCTTAC,520)}
    {(AGATATAAACATTTT,609)}
    {(ATATAAACATTTTAG,611)}
    {(AATTTAATCACTTAC,686)}
    {(ACGTACATCCTAGAT,699)}
    {(CATCCTAGATTTTAC,704)}
    {(GATTTTACCGTGGAT,711)}
    {(AGCTATCGCATGAAT,727)}
    {(TATCGCATGAATTAT,730)}
   *{(AATTATAGTGTCTAC,739)}
    {(TCTACTACTCTTTAT,749)}
    {(ACTACTCTTTATTCT,752)}
    {(CACGATAATATTGAG,787)}
    {(GATAATATTGAGCAT,790)}
    {(ATATTGAGCATTTAG,794)}
S41:
    {(TATTCGACAATTGAA,45)}
   *{(AATTGAATTATAGAG,53)}
    {(AATTATAGAGAGTGT,58)}
    {(AGTGTTATAATGTGA,68)}
    {(AGTATTATGATGTAC,214)}
    {(GATTGTCGTATTATT,233)}
    {(TGTCGTATTATTGAT,236)}
    {(AAATACAGCGGTAAT,279)}
    {(AACTGCATAATTTTC,398)}
    {(TACGATTATAATTAC,467)}
    {(ACGATTATAATTACT,468)}
    {(GATTATAATTACTGA,470)}
    {(ATTATAATTACTGAG,471)}
    {(AAGTGTCTAACATGT,534)}
    {(GTGTCTAACATGTAT,536)}
    {(ACTCAAATAAGTGAT,558)}
    {(AAATAAGTGATGTCA,562)}
    {(GAAAAGATGATTTCC,617)}
    {(CGTAATAGTTTTCAC,647)}
    {(AGTTTTCACCTTAAT,653)}
    {(GATTTTCCTTCCTAT,891)}
    {(CTTCCTATTATAGTT,898)}
    {(CCTATTATAGTTGAT,901)}
    {(TATTATAGTTGATCA,903)}
    {(GTTTCGGATGTTTAT,984)}
S42:
    {(AGTGAGATTCGCTCT,134)}
   *{(AATTGGCTTGGTTAT,226)}
    {(TCTTACATTGTATGA,312)}
    {(CATTGTATGATTATA,317)}
    {(TATGATTATAATTCA,322)}
    {(ATGATTATAATTCAT,323)}
    {(GATTATAATTCATAG,325)}
    {(GCCTATAAGATTCCT,367)}
    {(AATTAACCGATGTAA,401)}
    {(AATCATAGTTAGAAC,592)}
    {(ACTCAGAAAATTACT,642)}
    {(AAAATTACTACCTAC,648)}
    {(AAATAAACAACCTTT,759)}
    {(GATTCGACTTTTGAA,885)}
    {(AATGGTAATGCAAAT,940)}
    {(AATGCAAATCTTAAG,946)}
    {(CGTGCTAGGATTGAT,969)}
S43:
    {(ACAGATAACAAGTAT,70)}
    {(CATAATGATACATGT,90)}
    {(ATGTATACAACGTCT,101)}
    {(TCTTCACTTGTTTGT,113)}
    {(ACAGATAGAATTAGT,129)}
    {(CCTCATATAACCTAA,204)}
    {(ACTGATAGGAATCAC,227)}
    {(CATTAGAGGTTCTAC,277)}
    {(AACAGTAAGATATAA,490)}
    {(TAAGATATAAAAGAT,495)}
    {(AGATATAAAAGATAA,497)}
    {(CCTTCTCTTGCTGAT,536)}
    {(CCTTAAGGTGGTTAT,604)}
    {(CATTAAATTCAGTCT,643)}
    {(GACTTGTATATTCAT,662)}
    {(ACTTGTATATTCATT,663)}
    {(TTGTATATTCATTGC,665)}
    {(TATAATTCTATCGTT,762)}
   *{(AATTCTATCGTTTAC,765)}
    {(CATAAACTCATTGCT,820)}
    {(AAACTCATTGCTAAT,823)}
    {(TACTAGACTACCTGT,859)}
S44:
    {(GATTACTTTATAGTC,33)}
    {(ACGTTTACATTTTCT,48)}
   *{(GTTTACATTTTCTAA,50)}
    {(CATTTTCTAATCCAT,55)}
    {(AAGAATGTAATGAAA,76)}
    {(AATTATAGCCGCCAC,194)}
    {(ACGCCTAATGTTTAG,301)}
    {(AGGACTACTATATGT,314)}
    {(GACTACTATATGTTT,316)}
    {(TACTATATGTTTATG,319)}
    {(AAAAAAACTGTTTTC,412)}
    {(AAAACTGTTTTCAAT,415)}
    {(AACTGTTTTCAATGT,417)}
    {(CCTTACCTAACTCAT,458)}
    {(GAGCGACTTATTTTT,542)}
    {(CGACTTATTTTTGAT,545)}
    {(ACTTATTTTTGATGA,547)}
    {(GATGAAATGATGTAG,557)}
    {(AATGATGTAGCTTGA,562)}
    {(ATGTAGCTTGATTTT,566)}
    {(ACTTCAGTTGTTCAC,732)}
    {(GAGCACATTGTTTAA,821)}
    {(AAATACTGGATTGCT,864)}
    {(ATTGCTACTGGTCAT,873)}
    {(CACAGTGTTTTTTGT,926)}
    {(CAGTGTTTTTTGTAC,928)}
S45:
    {(AACTATAGACTGTCG,13)}
    {(AATGTTAGTATCAGT,53)}
   *{(GATTATAGTGTCTAA,110)}
    {(TAGTGTCTAATTTCT,115)}
    {(TGTCTAATTTCTTAT,118)}
    {(TAATTTCTTATAACT,122)}
    {(ACTTTGACAAAGTAT,138)}
    {(AAGTATGTGCACTCT,147)}
    {(AATGAGTTTACGAAA,210)}
    {(GTTTACGAAATTTTT,215)}
    {(CCTTAAAATACCTTT,234)}
    {(AAATACCTTTCTTGA,239)}
    {(AATACCTTTCTTGAC,240)}
    {(CTTGATACTCATTGT,291)}
    {(AACTCTAGGTTACAT,307)}
    {(ACTGCTACTCTTTTC,343)}
    {(AAGAATGAAGTTAAT,389)}
    {(AATGAAGTTAATTAG,392)}
    {(AAGTTAATTAGTAAA,396)}
    {(ATTAGTAAAATCTAT,402)}
    {(TAGTAAAATCTATCT,404)}
    {(ATCTATCTCATTCTA,411)}
    {(CGTAACATTAGATAA,433)}
    {(CATTAGATAACTTGG,438)}
    {(AATTCCATTACGGTG,476)}
    {(GAAGATACTAAGGAT,494)}
    {(AAGGATTTAATGTAT,503)}
    {(CTTTGCGTGATTAAT,527)}
    {(ATTAATTCTATGTGC,536)}
    {(AGGCATATTAGATTC,617)}
    {(TATTAGATTCTAGTT,622)}
    {(GATTCTAGTTTGGAA,627)}
    {(AGTAAAATTCTTTAC,651)}
    {(AAATTCTTTACATGT,655)}
    {(TGGTATACTATGACT,679)}
    {(TATACTATGACTTAC,682)}
    {(AATGATAATAGCGAC,713)}
    {(CACTATAGTCTATAT,790)}
    {(GTTTTGACTATCTAT,932)}
S46:
    {(GATCACTTGATCTAC,28)}
    {(AACAATCTCTTTTTA,100)}
    {(CAATCTCTTTTTAAT,102)}
    {(CGGTGTGTCATTTAC,171)}
    {(CATTTACTTACTAAA,179)}
    {(AAGCATACCGTTCCT,192)}
    {(TGTTAGATTCTTACA,206)}
    {(AAGTCTGGTATTGAC,252)}
    {(AGAGATGTTAATTGT,284)}
    {(GATGTTAATTGTTAA,287)}
    {(ATGTTAATTGTTAAG,288)}
    {(AACGATAGCAAAAAT,412)}
    {(AACTCAATATTTTCA,439)}
    {(GAATATCGTATTGCT,459)}
    {(TATCGTATTGCTGAA,462)}
    {(AATAGGCTCAGCTAT,485)}
    {(CACTAAGTTGATAAT,576)}
    {(AAGTTGATAATTGCT,580)}
    {(AATTGCTGTATCAAG,588)}
    {(AACTATACTACCATT,617)}
    {(TATACTACCATTAAT,620)}
    {(ACTACCATTAATGGT,623)}
    {(AATTACATAGTTCCG,652)}
    {(TCTCGTACTACTTAG,672)}
    {(TCACGTATGATTTAA,689)}
    {(TATGATTTAAACTGT,694)}
    {(ATTTAAACTGTAGAG,698)}
    {(AATGTTTTAAAGTCT,713)}
    {(TTTTAAAGTCTTACT,717)}
    {(TAAAGTCTTACTAAT,720)}
    {(ACTAATATGAAAAAC,729)}
    {(AAAAACGAAGTTTAT,738)}
    {(AAGTTTATAACATTT,745)}
   *{(GTTTATAACATTTGT,747)}
    {(TATAACATTTGTTTG,750)}
    {(ATGGATATCAGCGAT,787)}
    {(AGCGATATGATAGAG,796)}
    {(TAGAGTATTAGGTAA,806)}
    {(AGATTTAATTGCTAT,904)}
    {(ATTTAATTGCTATAA,906)}
S47:
    {(AATTAGCAGAGACAT,176)}
    {(AGGTTCATTATTGAC,204)}
    {(GCTCAAATAATTTGA,298)}
    {(AATAATTTGACATAA,303)}
    {(TTTGACATAATTTCT,308)}
    {(ATTTCTGGGAATTAA,317)}
    {(AATTAAAACATGTCT,326)}
    {(CATGCTATGGCGTAT,368)}
    {(ATCAATTTTCTTCAG,381)}
    {(AATTTTCTTCAGCCT,384)}
    {(ATTCACAGCATCTTT,409)}
    {(AAGCATCGGGTGTAT,449)}
    {(AATTCTGTAACGATT,511)}
    {(AACGATTGTATTATA,519)}
   *{(GATTGTATTATATCT,522)}
    {(TTGTATTATATCTGT,524)}
    {(TATTATATCTGTAAC,527)}
    {(ACGTGTTTAGTTTTT,543)}
    {(AATGAGTTTGTCCGT,566)}
    {(AAGAGTAATATCAAA,651)}
    {(TATCAAAGCGTGTAT,659)}
    {(GTATACATGATTCGT,670)}
    {(AGATAAACAAATGAT,750)}
    {(AAACAAATGATTAGT,754)}
    {(GATTAGTTCACGTAT,762)}
    {(AAGTATTGTTAGTTT,832)}
    {(AGTATTGTTAGTTTC,833)}
    {(TCATCAATTGCTTAT,908)}
    {(TGTCATAATCTTTAT,947)}
S48:
    {(AAACATAAGTTGTAG,4)}
    {(AAGTATAGTGCTAAC,47)}
    {(CAGGACATAATCTCT,64)}
    {(AGCTATACGGTATAC,120)}
   *{(CATTAAGTTGTTTAC,164)}
    {(AAGTTGTTTACGTCT,168)}
    {(TAGTGTTGTATCGAT,304)}
    {(ACGAAGACTATTAAG,365)}
    {(AAGACTATTAAGTAA,368)}
    {(AGTAACATTCGCTAA,378)}
    {(AGGTATGCCTTTAAT,413)}
    {(AATGACTGTATTCAG,430)}
    {(GACTGTATTCAGTCT,433)}
    {(CGTTGCATGTTTTAC,452)}
    {(TGTTTTACTACTCAG,459)}
    {(AATTGGCTAGTTTGA,524)}
    {(TATCAGTTTTTTTGT,610)}
    {(AGTTTTTTTGTCCAA,614)}
    {(CACAAAATTGTTCAA,644)}
    {(AAGTATAGCTTCGCT,669)}
    {(AGTTAGAGAATATTC,757)}
    {(GAATATTCTACTAAG,764)}
    {(TGATAACTGACTTAT,802)}
    {(AACTGACTTATGCTT,806)}
    {(CCCTATACTGATCAT,893)}
    {(AATCGTAGCATTTCT,928)}
    {(CCAAAGATTTTTTAA,944)}
    {(AGATTTTTTAATGCT,948)}
    {(TTTTTTAATGCTCAT,951)}
S49:
    {(ACTTCGATTAATTAG,21)}
    {(AATTAGTGCGTATAG,30)}
    {(TAAAACAATATTATT,52)}
   *{(AACAATATTATTAAT,55)}
    {(AATATTATTAATGTC,58)}
    {(CATGGTGTCCTTTAT,75)}
    {(TCCTTTATCGTTTAC,82)}
    {(TACGATATGATTAAG,94)}
    {(GATATGATTAAGCAT,97)}
    {(TGATTAAGCATTTAT,101)}
    {(GCATTTATTATCGGT,108)}
    {(ACGTATCAAGTTTAA,332)}
    {(AGTTTAACTGTTGAA,340)}
    {(TGTTGAATGACTGAT,348)}
    {(GATAATTGCAGATAT,360)}
    {(CATCTTATTGTGTAT,390)}
    {(TCTTATTGTGTATCT,392)}
    {(TGGGTTCTTATGTAT,417)}
    {(TCTTATGTATTGTAC,422)}
    {(CACTAGACCATTATT,480)}
    {(ACCATTATTATGTAA,486)}
    {(CATTATTATGTAAAC,488)}
    {(TATTATGTAAACGAC,491)}
    {(ACTCTTAACAAATAT,530)}
    {(ACAAATATAAGTTCA,537)}
    {(AAATATCTTCTTCTT,606)}
    {(ATATCTTCTTCTTAT,608)}
    {(TCTTATAGTCTCTAG,617)}
    {(TCTAGTAGTCTGTAT,627)}
    {(TAGTCTGTATGTTAT,632)}
    {(ACGGATCACAGTTAT,676)}
    {(AGTCTTAGCATAAAT,696)}
    {(AAATAACGTAGTTAC,707)}
    {(AACTTTCTTACATGG,935)}
S50:
   *{(AACAAGCTTGTTTGT,2)}
    {(CCGTGTATCATTTTC,19)}
    {(TATCATTTTCACAAT,24)}
    {(AATTAGCTGTAGTGT,86)}
    {(GGCGATAATACCTAT,116)}
    {(TATGATGGAATCTAT,144)}
    {(AAACCTTTTAAATGT,173)}
    {(AAATGTAACCATTTT,182)}
    {(AATGTAACCATTTTT,183)}
    {(AACCATTTTTTTACT,188)}
    {(CATTTTTTTACTTCG,191)}
    {(ATTTTTTTACTTCGT,192)}
    {(CTGTGTTTTGATTAT,212)}
    {(GTTTTGATTATTAGG,216)}
    {(AGCTCTCTTATTCCC,246)}
    {(AGCTATAATGCTACT,422)}
    {(TATAATGCTACTAGT,425)}
    {(AATGCTACTAGTTCC,428)}
    {(AAGTAAATTAAACGA,560)}
    {(AATTAAACGAATCTA,565)}
    {(AATCTAGCTACTTAG,574)}
    {(AACTAGAGTGAATAA,692)}
    {(AATTGTCATGTTTCA,721)}
    {(AGTTCAACCATGTGT,754)}
    {(ATCGATATCTTTAAT,775)}
    {(GATATCTTTAATTAT,778)}
    {(AATTATCCGGGATAC,787)}
    {(AACTCCCTGATCTAA,879)}
    {(AATGGTGTGTTTTTA,902)}
    {(AAGTACGTTTTCCAT,963)}
best control sequences candidate:AATTATATTATTTAT
second best control sequences candidate::TTATATTTTGACATA
time: 4.65577
